
> halo-theme-hydro-minim@ build F:\AI\AIMadeupTools\02_WebAndElectron\LKWebsiteForHelo\halo-theme-hydro-minim
> pnpm run build-only && pnpm package


> halo-theme-hydro-minim@ build-only F:\AI\AIMadeupTools\02_WebAndElectron\LKWebsiteForHelo\halo-theme-hydro-minim
> tsc && vp build

[36mvite v8.0.8 [32mbuilding client environment for production...[36m[39m
[2K
node.exe : <script src="/js/main.js"> in "/gateway_fragments/common.html" can't be bundled without type="module" attrib
ute
At C:\Program Files\nodejs\pnpm.ps1:16 char:5
+     & "$basedir/node$exe"  "$basedir/node_modules/corepack/dist/pnpm. ...
+     ~~~~~~~~~~~~~~~~~~~~~~~~~~~~~~~~~~~~~~~~~~~~~~~~~~~~~~~~~~~~~~~~~
    + CategoryInfo          : NotSpecified: (<script src="/j...dule" attribute:String) [], RemoteException
    + FullyQualifiedErrorId : NativeCommandError
 
transforming...✓ 75 modules transformed.
rendering chunks...
computing gzip size...
templates/page_resume.html                                                                                                           0.10 kB │ gzip:  0.12 kB
templates/modules/wavy-line.html                                                                                                     0.17 kB │ gzip:  0.16 kB
templates/modules/list-hero.html                                                                                                     0.32 kB │ gzip:  0.21 kB
templates/modules/pagination.html                                                                                                    0.54 kB │ gzip:  0.28 kB
templates/logout.html                                                                                                                0.66 kB │ gzip:  0.35 kB
templates/gateway_fragments/logout.html                                                                                              0.68 kB │ gzip:  0.35 kB
templates/gateway_fragments/totp.html                                                                                                0.75 kB │ gzip:  0.37 kB
templates/challenges/two-factor/totp.html                                                                                            0.77 kB │ gzip:  0.44 kB
templates/login.html                                                                                                                 0.96 kB │ gzip:  0.39 kB
templates/signup.html                                                                                                                1.03 kB │ gzip:  0.43 kB
templates/password-reset/email/reset.html                                                                                            1.07 kB │ gzip:  0.49 kB
templates/password-reset/email/send.html                                                                                             1.25 kB │ gzip:  0.61 kB
templates/gateway_fragments/password_reset_email_send.html                                                                           1.33 kB │ gzip:  0.48 kB
templates/gateway_fragments/password_reset_email_reset.html                                                                          1.61 kB │ gzip:  0.58 kB
templates/modules/categories-showcase.html                                                                                           1.89 kB │ gzip:  0.79 kB
templates/gateway_fragments/input.html                                                                                               2.33 kB │ gzip:  0.88 kB
templates/modules/post-card.html                                                                                                     2.62 kB │ gzip:  1.04 kB
templates/gateway_fragments/login.html                                                                                               2.63 kB │ gzip:  0.88 kB
templates/modules/about.html                                                                                                         3.03 kB │ gzip:  0.87 kB
templates/setup.html                                                                                                                 4.20 kB │ gzip:  1.04 kB
templates/modules/latest-articles.html                                                                                               4.47 kB │ gzip:  1.54 kB
templates/modules/hero.html                                                                                                          4.71 kB │ gzip:  1.51 kB
templates/gateway_fragments/common.html                                                                                              5.04 kB │ gzip:  1.74 kB
templates/gateway_fragments/layout.html                                                                                              5.75 kB │ gzip:  1.68 kB
templates/login_local.html                                                                                                           5.83 kB │ gzip:  1.68 kB
templates/gateway_fragments/signup.html                                                                                              6.46 kB │ gzip:  1.56 kB
templates/error/error.html                                                                                                           7.71 kB │ gzip:  2.29 kB
templates/tag.html                                                                                                                   8.21 kB │ gzip:  2.40 kB
templates/category.html                                                                                                              8.31 kB │ gzip:  2.43 kB
templates/index.html                                                                                                                 8.32 kB │ gzip:  2.30 kB
templates/modules/footer.html                                                                                                        8.53 kB │ gzip:  1.96 kB
templates/page.html                                                                                                                  8.73 kB │ gzip:  2.51 kB
templates/categories.html                                                                                                           10.76 kB │ gzip:  2.96 kB
templates/page_about.html                                                                                                           10.81 kB │ gzip:  3.01 kB
templates/modules/fab.html                                                                                                          10.91 kB │ gzip:  1.91 kB
templates/tags.html                                                                                                                 11.99 kB │ gzip:  3.63 kB
templates/archives.html                                                                                                             13.43 kB │ gzip:  3.54 kB
templates/search.html                                                                                                               13.54 kB │ gzip:  3.79 kB
templates/friends.html                                                                                                              14.53 kB │ gzip:  3.86 kB
templates/project-detail.html                                                                                                       14.53 kB │ gzip:  4.37 kB
templates/page_social.html                                                                                                          15.01 kB │ gzip:  4.70 kB
templates/doc-catalog.html                                                                                                          15.20 kB │ gzip:  3.73 kB
templates/equipments.html                                                                                                           15.38 kB │ gzip:  3.87 kB
templates/photos.html                                                                                                               15.49 kB │ gzip:  4.16 kB
templates/bangumis.html                                                                                                             15.66 kB │ gzip:  4.04 kB
templates/steam.html                                                                                                                15.68 kB │ gzip:  3.73 kB
templates/author.html                                                                                                               15.73 kB │ gzip:  3.96 kB
templates/docs.html                                                                                                                 15.74 kB │ gzip:  3.75 kB
templates/doc.html                                                                                                                  16.23 kB │ gzip:  3.95 kB
templates/projects.html                                                                                                             16.91 kB │ gzip:  5.00 kB
templates/moments.html                                                                                                              21.52 kB │ gzip:  5.29 kB
templates/modules/header.html                                                                                                       21.80 kB │ gzip:  3.56 kB
templates/moment.html                                                                                                               30.62 kB │ gzip:  6.11 kB
templates/links.html                                                                                                                39.10 kB │ gzip:  6.61 kB
templates/post.html                                                                                                                 42.36 kB │ gzip:  8.11 kB
templates/assets/main-BM8ih4pZ.css                                                                                                 380.69 kB │ gzip: 62.97 kB
templates/assets/modulepreload-polyfill-DFURTO-d.js                                                                                  0.69 kB │ gzip:  0.39 kB
templates/assets/vendor~archives~author~bangumis~categories~category~doc-catalog~doc~docs~equipments~friends~lw4pnacq-DOTzDwvs.js  123.99 kB │ gzip: 47.32 kB
templates/assets/main-C9ehw6vT.js                                                                                                  135.16 kB │ gzip: 37.17 kB

[32m✓ built in 964ms[39m

> halo-theme-hydro-minim@ package F:\AI\AIMadeupTools\02_WebAndElectron\LKWebsiteForHelo\halo-theme-hydro-minim
> theme-package

✅ Packaged successfully: F:\AI\AIMadeupTools\02_WebAndElectron\LKWebsiteForHelo\halo-theme-hydro-minim\dist\halo-theme-hydro-minim-1.0.0-beta2.zip
Theme version: 1.0.0-beta2
File size: 8.00 MB
